issue
Networkx test giving an error#TITLE_END#Hi,  I installed networkx using `sudo pip install networkx[all]` onto an Ubuntu 17.10 system. However, when I run the test: ``` >>> import networkx as nx >>> nx.test()  ``` the following error occurs: ``` Traceback (most recent call last):   File "<stdin>", line 1, in <module>   File "networkx/tests/test.py", line 24, in run     "The nose package is needed to run the NetworkX tests.") ImportError: The nose package is needed to run the NetworkX tests. >>>   ```
issue
Error installing GDAL on Ubuntu 17.10#TITLE_END#Hi,  I am having an issue when I install networkx on Ubuntu 17.10. I am installing it using `sudo pip install networkx[all]`. The error I am getting:  ``` Requirement already satisfied: networkx[all] in /home/surendraa/networkx Requirement already satisfied: decorator>=4.1.0 in /usr/local/lib/python2.7/dist-packages (from networkx[all]) Requirement already satisfied: numpy in /usr/local/lib/python2.7/dist-packages (from networkx[all]) Requirement already satisfied: scipy in /usr/local/lib/python2.7/dist-packages (from networkx[all]) Requirement already satisfied: pandas in /usr/local/lib/python2.7/dist-packages (from networkx[all]) Requirement already satisfied: matplotlib in /usr/local/lib/python2.7/dist-packages (from networkx[all]) Collecting pygraphviz (from networkx[all])   Downloading pygraphviz-1.3.1.tar.gz (103kB)     100% |████████████████████████████████| 112kB 1.9MB/s  Collecting pydot (from networkx[all])   Downloading pydot-1.2.4.tar.gz (132kB)     100% |████████████████████████████████| 133kB 2.5MB/s  Collecting pyyaml (from networkx[all])   Downloading PyYAML-3.12.tar.gz (253kB)     100% |████████████████████████████████| 256kB 2.3MB/s  Collecting gdal (from networkx[all])   Downloading GDAL-2.2.4.tar.gz (475kB)     100% |████████████████████████████████| 481kB 1.6MB/s      Complete output from command python setup.py egg_info:     running egg_info     creating pip-egg-info/GDAL.egg-info     writing pip-egg-info/GDAL.egg-info/PKG-INFO     writing top-level names to pip-egg-info/GDAL.egg-info/top_level.txt     writing dependency_links to pip-egg-info/GDAL.egg-info/dependency_links.txt     writing manifest file 'pip-egg-info/GDAL.egg-info/SOURCES.txt'     Traceback (most recent call last):       File "<string>", line 1, in <module>       File "/tmp/pip-build-PK_VjL/gdal/setup.py", line 342, in <module>         **extra )       File "/usr/lib/python2.7/distutils/core.py", line 151, in setup         dist.run_commands()       File "/usr/lib/python2.7/distutils/dist.py", line 953, in run_commands         self.run_command(cmd)       File "/usr/lib/python2.7/distutils/dist.py", line 972, in run_command         cmd_obj.run()       File "/usr/local/lib/python2.7/dist-packages/setuptools/command/egg_info.py", line 279, in run         self.find_sources()       File "/usr/local/lib/python2.7/dist-packages/setuptools/command/egg_info.py", line 294, in find_sources         mm.run()       File "/usr/local/lib/python2.7/dist-packages/setuptools/command/egg_info.py", line 525, in run         self.add_defaults()       File "/usr/local/lib/python2.7/dist-packages/setuptools/command/egg_info.py", line 561, in add_defaults         sdist.add_defaults(self)       File "/usr/local/lib/python2.7/dist-packages/setuptools/command/py36compat.py", line 36, in add_defaults         self._add_defaults_ext()       File "/usr/local/lib/python2.7/dist-packages/setuptools/command/py36compat.py", line 119, in _add_defaults_ext         build_ext = self.get_finalized_command('build_ext')       File "/usr/lib/python2.7/distutils/cmd.py", line 312, in get_finalized_command         cmd_obj.ensure_finalized()       File "/usr/lib/python2.7/distutils/cmd.py", line 109, in ensure_finalized         self.finalize_options()       File "/tmp/pip-build-PK_VjL/gdal/setup.py", line 217, in finalize_options         self.gdaldir = self.get_gdal_config('prefix')       File "/tmp/pip-build-PK_VjL/gdal/setup.py", line 191, in get_gdal_config         return fetch_config(option)       File "/tmp/pip-build-PK_VjL/gdal/setup.py", line 144, in fetch_config         raise gdal_config_error, e""")       File "<string>", line 4, in <module>     __main__.gdal_config_error: [Errno 2] No such file or directory          ---------------------------------------- Command "python setup.py egg_info" failed with error code 1 in /tmp/pip-build-PK_VjL/gdal/  ```  I am not sure how to fix this issue. Thanks in advance and I appreciate any help provided.
