issue
Error in `random_state` decorator with decorator 5.0.0 version#TITLE_END#<!-- If you have a general question about NetworkX, please use the discussions tab to create a new discussion -->  <!--- Provide a general summary of the issue in the Title above -->  ### Current Behavior ``` Traceback (most recent call last):   File "./env/lib/python3.8/site-packages/networkx/utils/decorators.py", line 396, in _random_state     random_state_arg = args[random_state_index] IndexError: tuple index out of range  The above exception was the direct cause of the following exception:  Traceback (most recent call last):   File "/mnt2/kireev/pycharm-deploy/pytorch-stream-graph/notebooks/ppp.py", line 12, in <module>     pos = nx.drawing.random_layout(G)   File "./env/lib/python3.8/site-packages/decorator.py", line 214, in fun     return caller(func, *(extras + args), **kw)   File "./env/lib/python3.8/site-packages/networkx/utils/decorators.py", line 400, in _random_state     raise nx.NetworkXError("random_state_index is incorrect") from e networkx.exception.NetworkXError: random_state_index is incorrect ```   ### Expected Behavior Work without errors  ### Steps to Reproduce Code example for this issue: ``` import networkx as nx  G = nx.Graph() G.add_nodes_from([0, 1, 2, 3]) G.add_edges_from([     (0, 1),     (1, 2),     (2, 3),     (1, 3), ])  pos = nx.drawing.random_layout(G) print(pos) ```  ### Environment <!--- Please provide details about your local environment --> Python version: 3.8.0 NetworkX version: 2.5 decorator version: 5.0.0   ### Additional context <!--- Add any other context about the problem here, screenshots, etc. --> All functions decorated by `random_state` don't works. Broken after decorator module update. Works well with decorator==4.4.2  
