issue
nx.graph_edit_distance returns wrong value when one graph contains only one node and loops and the other graph is empty#TITLE_END#### Current Behavior  Consider the graphs: - `G1` with one node `0` and one loop `0 -> 0` - `G2` the empty graph  The graph edit distance between `G1` and `G2` should be 2, but `nx.graph_edit_distance` returns 1.  Similarly, if `G1` is a `MultiDiGraph`, and it contains one node `0`, and two loops `0 -> 0`, `0 -> 0`, then the graph edit distance between `G1` and `G2` should be 3, but `nx.graph_edit_distance` returns 1.  ### Expected Behavior  Given: - `G1` with one node `0` and one loop `0 -> 0` - `G2` the empty graph  `nx.graph_edit_distance` returns 2.  Given: - `G1` with one node `0` and two loop `0 -> 0`, `0 -> 0` - `G2` the empty graph  `nx.graph_edit_distance` returns 3.  ### Steps to Reproduce  Consider the following test case:  ```python import networkx  def test_one_node_one_loop_and_empty_graph():     g1 = networkx.DiGraph()     g1.add_nodes_from([0])     g1.add_edges_from([(0, 0)])     g2 = networkx.DiGraph()     ged = networkx.graph_edit_distance(g1, g2)     assert ged == 2  def test_one_node_two_loops_and_empty_graph():     g1 = networkx.MultiDiGraph()     g1.add_nodes_from([0])     g1.add_edges_from([(0, 0), (0, 0)])     g2 = networkx.DiGraph()     ged = networkx.graph_edit_distance(g1, g2)     assert ged == 3 ```  Running the code with pytest I get:  ``` ========================================================== test session starts =========================================================== platform darwin -- Python 3.13.5, pytest-8.4.1, pluggy-1.6.0 rootdir: /Users/marco/code/trying_packages/trying_networkx_graph_edit_distance configfile: pyproject.toml collected 2 items                                                                                                                          tests/test_graph_edit_distance.py FF                                                                                               [100%]  ================================================================ FAILURES ================================================================ _________________________________________________ test_one_node_one_loop_and_empty_graph _________________________________________________      def test_one_node_one_loop_and_empty_graph():         g1 = networkx.DiGraph()         g1.add_nodes_from([0])         g1.add_edges_from([(0, 0)])         g2 = networkx.DiGraph()         ged = networkx.graph_edit_distance(g1, g2) >       assert ged == 2 E       assert 1.0 == 2  tests/test_graph_edit_distance.py:18: AssertionError ________________________________________________ test_one_node_two_loops_and_empty_graph _________________________________________________      def test_one_node_two_loops_and_empty_graph():         g1 = networkx.MultiDiGraph()         g1.add_nodes_from([0])         g1.add_edges_from([(0, 0), (0, 0)])         g2 = networkx.DiGraph()         ged = networkx.graph_edit_distance(g1, g2) >       assert ged == 3 E       assert 1.0 == 3  tests/test_graph_edit_distance.py:34: AssertionError ======================================================== short test summary info ========================================================= FAILED tests/test_graph_edit_distance.py::test_one_node_one_loop_and_empty_graph - assert 1.0 == 2 FAILED tests/test_graph_edit_distance.py::test_one_node_two_loops_and_empty_graph - assert 1.0 == 3 =========================================================== 2 failed in 0.35s ============================================================ ```  **Note** The same errors occur when `G1` and `G2` are not directed graphs.  ### Environment  Python version: 3.13 NetworkX version: 3.5  `uv tree` returns ``` ├── networkx v3.5 ├── numpy v2.3.2 ├── pytest v8.4.1 │   ├── iniconfig v2.1.0 │   ├── packaging v25.0 │   ├── pluggy v1.6.0 │   └── pygments v2.19.2 └── scipy v1.16.1     └── numpy v2.3.2 ```  ### Additional context  None 
