issue
Test failures on 32-bit architectures only#TITLE_END#Running the tests of the last release, 2.4, fails on 32-bit architectures on Alpine Linux (x86 and armv7). It (luckily) works fine on any 64-bit architectures.  ```  _________________ TestConvertPandas.test_from_adjacency_named __________________ self = <networkx.tests.test_convert_pandas.TestConvertPandas object at 0xe5a23658>     def test_from_adjacency_named(self):         # example from issue #3105         data = {"A": {"A": 0, "B": 0, "C": 0},                 "B": {"A": 1, "B": 0, "C": 0},                 "C": {"A": 0, "B": 1, "C": 0}}         dftrue = pd.DataFrame(data)         df = dftrue[["A", "C", "B"]]         G = nx.from_pandas_adjacency(df, create_using=nx.DiGraph())         df = nx.to_pandas_adjacency(G, dtype=int) >       pd.testing.assert_frame_equal(df, dftrue) E       AssertionError: Attributes of DataFrame.iloc[:, 0] (column name="A") are different E        E       Attribute "dtype" are different E       [left]:  int32 E       [right]: int64 networkx/tests/test_convert_pandas.py:173: AssertionError ```  
issue
Tests incompatible with matplotlib 3.3.0#TITLE_END#Matplotlib 3.3.0 has been released 5 days ago, and because of it the networkx tests are failing.  ``` _______________________________ ERROR collecting networkx/drawing/tests/test_pylab.py _______________________________ networkx/drawing/tests/test_pylab.py:7: in <module>     mpl.use('PS', warn=False) E   TypeError: use() got an unexpected keyword argument 'warn' ```  Seems the API has changed a bit.
issue
Test failure: spectral_graph_forge() missing 2 required positional arguments#TITLE_END#Running Python 3.8 on Alpine Linux (planning to put networkx in the repos):  ``` Traceback (most recent call last):   File "setup.py", line 145, in <module>     setup(   File "/usr/lib/python3.8/site-packages/setuptools/__init__.py", line 144, in setup     return distutils.core.setup(**attrs)   File "/usr/lib/python3.8/distutils/core.py", line 148, in setup     dist.run_commands()   File "/usr/lib/python3.8/distutils/dist.py", line 966, in run_commands     self.run_command(cmd)   File "/usr/lib/python3.8/distutils/dist.py", line 985, in run_command     cmd_obj.run()   File "/usr/lib/python3.8/site-packages/setuptools/command/test.py", line 238, in run     self.run_tests()   File "/usr/lib/python3.8/site-packages/setuptools/command/test.py", line 256, in run_tests     test = unittest.main(   File "/usr/lib/python3.8/unittest/main.py", line 100, in __init__     self.parseArgs(argv)   File "/usr/lib/python3.8/unittest/main.py", line 124, in parseArgs     self._do_discovery(argv[2:])   File "/usr/lib/python3.8/unittest/main.py", line 244, in _do_discovery     self.createTests(from_discovery=True, Loader=Loader)   File "/usr/lib/python3.8/unittest/main.py", line 154, in createTests     self.test = loader.discover(self.start, self.pattern, self.top)   File "/usr/lib/python3.8/unittest/loader.py", line 349, in discover     tests = list(self._find_tests(start_dir, pattern))   File "/usr/lib/python3.8/unittest/loader.py", line 405, in _find_tests     tests, should_recurse = self._find_test_path(   File "/usr/lib/python3.8/unittest/loader.py", line 483, in _find_test_path     tests = self.loadTestsFromModule(package, pattern=pattern)   File "/usr/lib/python3.8/site-packages/setuptools/command/test.py", line 55, in loadTestsFromModule     tests.append(self.loadTestsFromName(submodule))   File "/usr/lib/python3.8/unittest/loader.py", line 191, in loadTestsFromName     return self.loadTestsFromModule(obj)   File "/usr/lib/python3.8/site-packages/setuptools/command/test.py", line 55, in loadTestsFromModule     tests.append(self.loadTestsFromName(submodule))   File "/usr/lib/python3.8/unittest/loader.py", line 205, in loadTestsFromName     test = obj() TypeError: spectral_graph_forge() missing 2 required positional arguments: 'G' and 'alpha' ```
