issue
`fruchterman_reingold_layout` returns an error if `dim=1`#TITLE_END#I want to project a weighted graph on a line such that the nodes connected with heavier edges located close to each other.  I thought to solve this problem with the `fruchterman_reingold_layout` function, but it returns an error if `dim=1`   ### Current Behavior  ``` --------------------------------------------------------------------------- ValueError                                Traceback (most recent call last) File ~/.local/apps/jupytor/lib/python3.10/site-packages/networkx/drawing/layout.py:476, in spring_layout(G, k, pos, fixed, iterations, threshold, weight, scale, center, dim, seed)     475 if len(G) < 500:  # sparse solver for large graphs --> 476     raise ValueError     477 A = nx.to_scipy_sparse_array(G, weight=weight, dtype="f")  ValueError:   During handling of the above exception, another exception occurred:  IndexError                                Traceback (most recent call last) Cell In[28], line 4       1 # pos = {}       2 # for n1 in range(x.shape[0]):       3 #     pos[f'{n1}'] = rand() ----> 4 pos = nx.fruchterman_reingold_layout(G, dim=1)  File <class 'networkx.utils.decorators.argmap'> compilation 4:4, in argmap_spring_layout_1(G, k, pos, fixed, iterations, threshold, weight, scale, center, dim, seed)       2 import collections       3 import gzip ----> 4 import inspect       5 import itertools       6 import re  File ~/.local/apps/jupytor/lib/python3.10/site-packages/networkx/drawing/layout.py:491, in spring_layout(G, k, pos, fixed, iterations, threshold, weight, scale, center, dim, seed)     489         nnodes, _ = A.shape     490         k = dom_size / np.sqrt(nnodes) --> 491     pos = _fruchterman_reingold(     492         A, k, pos_arr, fixed, iterations, threshold, dim, seed     493     )     494 if fixed is None and scale is not None:     495     pos = rescale_layout(pos, scale=scale) + center  File <class 'networkx.utils.decorators.argmap'> compilation 8:4, in argmap__fruchterman_reingold_5(A, k, pos, fixed, iterations, threshold, dim, seed)       2 import collections       3 import gzip ----> 4 import inspect       5 import itertools       6 import re  File ~/.local/apps/jupytor/lib/python3.10/site-packages/networkx/drawing/layout.py:531, in _fruchterman_reingold(A, k, pos, fixed, iterations, threshold, dim, seed)     526     k = np.sqrt(1.0 / nnodes)     527 # the initial "temperature"  is about .1 of domain area (=1x1)     528 # this is the largest step allowed in the dynamics.     529 # We need to calculate this in case our fixed positions force our domain     530 # to be much bigger than 1x1 --> 531 t = max(max(pos.T[0]) - min(pos.T[0]), max(pos.T[1]) - min(pos.T[1])) * 0.1     532 # simple cooling scheme.     533 # linearly step down by dt on each iteration so last iteration is size dt.     534 dt = t / (iterations + 1)  IndexError: index 1 is out of bounds for axis 0 with size 1  ```  ### Expected Behavior  return dictionary with 32 node position  ### Steps to Reproduce  ```python Python 3.10.12 (main, Jun 11 2023, 05:26:28) [GCC 11.4.0] on linux Type "help", "copyright", "credits" or "license" for more information. >>> import networkx as nx >>> from  numpy.random import rand >>> G = nx.Graph() >>> L = [ ...     (f'{n1}',f'{n2}',rand())  ...     for n1 in range(32) ...     for n2 in range(n1, 32) ... ] >>> G.add_weighted_edges_from(L) >>> pos = nx.fruchterman_reingold_layout(G, dim=1) Traceback (most recent call last):   File "/home/rth/.local/apps/jupytor/lib/python3.10/site-packages/networkx/drawing/layout.py", line 476, in spring_layout     raise ValueError ValueError  During handling of the above exception, another exception occurred:  Traceback (most recent call last):   File "<stdin>", line 1, in <module>   File "/home/rth/.local/apps/jupytor/lib/python3.10/site-packages/networkx/utils/decorators.py", line 766, in func     return argmap._lazy_compile(__wrapper)(*args, **kwargs)   File "<class 'networkx.utils.decorators.argmap'> compilation 4", line 4, in argmap_spring_layout_1   File "/home/rth/.local/apps/jupytor/lib/python3.10/site-packages/networkx/drawing/layout.py", line 491, in spring_layout     pos = _fruchterman_reingold(   File "/home/rth/.local/apps/jupytor/lib/python3.10/site-packages/networkx/utils/decorators.py", line 766, in func     return argmap._lazy_compile(__wrapper)(*args, **kwargs)   File "<class 'networkx.utils.decorators.argmap'> compilation 8", line 4, in argmap__fruchterman_reingold_5   File "/home/rth/.local/apps/jupytor/lib/python3.10/site-packages/networkx/drawing/layout.py", line 531, in _fruchterman_reingold     t = max(max(pos.T[0]) - min(pos.T[0]), max(pos.T[1]) - min(pos.T[1])) * 0.1 IndexError: index 1 is out of bounds for axis 0 with size 1 >>> nx.__version__ '3.0'  ```  ### Environment Python version: 3.10.12 NetworkX version: 3.0 
